#
# A fatal error has been detected by the Java Runtime Environment:
#
#  EXCEPTION_ACCESS_VIOLATION (0xc0000005) at pc=0x00007ffc49236407, pid=8380, tid=7672
#
# JRE version: OpenJDK Runtime Environment (20.0.1+9) (build 20.0.1+9-29)
# Java VM: OpenJDK 64-Bit Server VM (20.0.1+9-29, mixed mode, sharing, tiered, compressed oops, compressed class ptrs, g1 gc, windows-amd64)
# Problematic frame:
# C  [glass.dll+0x26407]
#
# No core dump will be written. Minidumps are not enabled by default on client versions of Windows
#
# If you would like to submit a bug report, please visit:
#   https://bugreport.java.com/bugreport/crash.jsp
#

---------------  S U M M A R Y ------------

Command Line: -javaagent:F:\IntelligIDEA\lib\idea_rt.jar=8073:F:\IntelligIDEA\bin -Dfile.encoding=UTF-8 -Dsun.stdout.encoding=UTF-8 -Dsun.stderr.encoding=UTF-8 --module-path=F:\git\main\ProgrammN1\target\classes;C:\Users\Sotho\.m2\repository\org\openjfx\javafx-base\20\javafx-base-20-win.jar;C:\Users\Sotho\.m2\repository\org\openjfx\javafx-graphics\20\javafx-graphics-20-win.jar;C:\Users\Sotho\.m2\repository\org\openjfx\javafx-fxml\20\javafx-fxml-20-win.jar;C:\Users\Sotho\.m2\repository\org\openjfx\javafx-controls\20\javafx-controls-20-win.jar -Djdk.module.main=com.example.programmn1 com.example.programmn1/com.example.programmn1.HelloApplication

Host: Intel(R) Core(TM) i5-2450M CPU @ 2.50GHz, 4 cores, 5G,  Windows 10 , 64 bit Build 19041 (10.0.19041.2251)
Time: Mon Jun  5 23:39:59 2023 RTZ 1 (s 10 , 64 bit Build 19041 (10.0.19041.2251) elapsed time: 19.351739 seconds (0d 0h 0m 19s)

---------------  T H R E A D  ---------------

Current thread (0x000002757e9640c0):  VMThread "VM Thread" [stack: 0x000000df09800000,0x000000df09900000] [id=7672]

Stack: [0x000000df09800000,0x000000df09900000],  sp=0x000000df098ff210,  free space=1020k
Native frames: (J=compiled Java code, j=interpreted, Vv=VM code, C=native code)
C  [glass.dll+0x26407]


siginfo: EXCEPTION_ACCESS_VIOLATION (0xc0000005), reading address 0x0000000000000000


Registers:
RAX=0x0000000000000000, RBX=0x000002757e96d898, RCX=0x000002757e9640c0, RDX=0x000000df098ff210
RSP=0x000000df098ff210, RBP=0x0000027513127408, RSI=0x00000275131273e0, RDI=0x0000043873a0b0db
R8 =0x0000000000010002, R9 =0x0000043873a0b0db, R10=0x0000000000008000, R11=0x000000df098ff1a0
R12=0x00007ffc49233d40, R13=0x00007ffc3191ea90, R14=0x000000df098ff308, R15=0x00000275131273e0
RIP=0x00007ffc49236407, EFLAGS=0x0000000000010202


Register to memory mapping:

RIP=0x00007ffc49236407 glass.dll
RAX=0x0 is NULL
RBX=0x000002757e96d898 is a global jni handle
RCX=0x000002757e9640c0 points into unknown readable memory: 0x00007ffc31747080 | 80 70 74 31 fc 7f 00 00
RDX=0x000000df098ff210 points into unknown readable memory: 0x0000000000000000 | 00 00 00 00 00 00 00 00
RSP=0x000000df098ff210 points into unknown readable memory: 0x0000000000000000 | 00 00 00 00 00 00 00 00
RBP=0x0000027513127408 points into unknown readable memory: 0x0000043873a0b0db | db b0 a0 73 38 04 00 00
RSI=0x00000275131273e0 points into unknown readable memory: 0xe2491dfab3a0b324 | 24 b3 a0 b3 fa 1d 49 e2
RDI=0x0000043873a0b0db is an unknown value
R8 =0x0000000000010002 is an unknown value
R9 =0x0000043873a0b0db is an unknown value
R10=0x0000000000008000 is an unknown value
R11=0x000000df098ff1a0 points into unknown readable memory: 0x00000275131273e0 | e0 73 12 13 75 02 00 00
R12=0x00007ffc49233d40 glass.dll
R13=0x00007ffc3191ea90 jvm.dll
R14=0x000000df098ff308 points into unknown readable memory: 0x000000df098ff2f0 | f0 f2 8f 09 df 00 00 00
R15=0x00000275131273e0 points into unknown readable memory: 0xe2491dfab3a0b324 | 24 b3 a0 b3 fa 1d 49 e2


Top of Stack: (sp=0x000000df098ff210)
0x000000df098ff210:   0000000000000000 00000275131273e0
0x000000df098ff220:   00007ffc3191ea90 00007ffc49233d40
0x000000df098ff230:   00000275131273e8 00007ffc774b42d6
0x000000df098ff240:   0000043873a0b0db 0000027500000000
0x000000df098ff250:   0000027513127408 00000275131273e0
0x000000df098ff260:   fffffffffffffffe 0000000000000000
0x000000df098ff270:   0000000000000001 00007ffc49210000
0x000000df098ff280:   000000df098ff2f8 00007ffc774b41fb
0x000000df098ff290:   0000000000000000 000000df098ff308
0x000000df098ff2a0:   000000df098ff5d0 00007ffc77590e40
0x000000df098ff2b0:   0000000000000001 00007ffc774b41b4
0x000000df098ff2c0:   0000000000000000 0000000000000001
0x000000df098ff2d0:   00007ffc77bd8690 000000df098ff2f8
0x000000df098ff2e0:   0000000000000000 00007ffc49233bcd
0x000000df098ff2f0:   00007ffc49249f88 00007ffc00000002
0x000000df098ff300:   0000000000000002 000000df098ff2f0
0x000000df098ff310:   00007ffc77bd0000 00007ffc79d69993
0x000000df098ff320:   0000000000000000 00007ffc49233cf2
0x000000df098ff330:   0000000000000001 0000000000000000
0x000000df098ff340:   0000000000000000 0000000000000001
0x000000df098ff350:   0000000000000000 0000000000000000
0x000000df098ff360:   0000000000000001 0000be86aa7da3c1
0x000000df098ff370:   00007ffc49210000 000000007ffe0384
0x000000df098ff380:   0000000000000000 00007ffc79d69a1d
0x000000df098ff390:   00007ffc49210000 0000000000000000
0x000000df098ff3a0:   0000000000000001 000000007ffe0385
0x000000df098ff3b0:   0000000002360fb8 000000df098ff5d0
0x000000df098ff3c0:   0000be8600000000 0000000000000014
0x000000df098ff3d0:   0000000000000000 00007ffc49233d40
0x000000df098ff3e0:   00000000000003d8 000002757ef4e400
0x000000df098ff3f0:   000002757e95af00 00007ffc79dadcec
0x000000df098ff400:   000002757ef4fa70 00007ffc49210000 

Instructions: (pc=0x00007ffc49236407)
0x00007ffc49236307:   8b 4d 58 e8 7d cf ff ff 48 8b 4d 60 e8 74 cf ff
0x00007ffc49236317:   ff 48 8b 95 80 00 00 00 48 8b 8d 18 01 00 00 e8
0x00007ffc49236327:   66 c4 ff ff 33 d2 33 c9 e8 bc e1 ff ff 90 48 89
0x00007ffc49236337:   54 24 10 55 48 83 ec 20 48 8b ea 48 b8 00 00 00
0x00007ffc49236347:   00 00 00 00 00 48 83 c4 20 5d c3 cc 40 55 48 8b
0x00007ffc49236357:   ea 48 8b 01 33 c9 81 38 05 00 00 c0 0f 94 c1 8b
0x00007ffc49236367:   c1 5d c3 cc 40 55 48 83 ec 20 48 8b ea 8a 4d 40
0x00007ffc49236377:   48 83 c4 20 5d e9 63 d3 ff ff cc 40 55 48 83 ec
0x00007ffc49236387:   20 48 8b ea 8a 4d 20 e8 51 d3 ff ff 90 48 83 c4
0x00007ffc49236397:   20 5d c3 cc 40 55 48 83 ec 20 48 8b ea 48 83 c4
0x00007ffc492363a7:   20 5d e9 b2 d1 ff ff cc 40 55 48 83 ec 30 48 8b
0x00007ffc492363b7:   ea 48 8b 01 8b 10 48 89 4c 24 28 89 54 24 20 4c
0x00007ffc492363c7:   8d 0d 53 d6 ff ff 4c 8b 45 70 8b 55 68 48 8b 4d
0x00007ffc492363d7:   60 e8 f3 d0 ff ff 90 48 83 c4 30 5d c3 cc cc cc
0x00007ffc492363e7:   cc cc cc cc cc cc cc cc cc 40 53 48 83 ec 20 48
0x00007ffc492363f7:   8b 1d 8b 35 01 00 48 85 db 74 16 e8 79 8b ff ff
0x00007ffc49236407:   4c 8b 00 48 8b d3 48 8b c8 41 ff 90 b0 00 00 00
0x00007ffc49236417:   90 48 83 c4 20 5b c3 cc cc 40 53 48 83 ec 20 48
0x00007ffc49236427:   8b 1d fb 36 01 00 48 85 db 74 57 b8 ff ff ff ff
0x00007ffc49236437:   f0 0f c1 43 10 83 f8 01 75 3d 48 85 db 74 38 48
0x00007ffc49236447:   8b 0b 48 85 c9 74 0d ff 15 54 0e 00 00 48 c7 03
0x00007ffc49236457:   00 00 00 00 48 8b 4b 08 48 85 c9 74 0d e8 23 ce
0x00007ffc49236467:   ff ff 48 c7 43 08 00 00 00 00 ba 18 00 00 00 48
0x00007ffc49236477:   8b cb e8 0e ce ff ff 48 c7 05 9f 36 01 00 00 00
0x00007ffc49236487:   00 00 48 83 c4 20 5b c3 cc 40 53 48 83 ec 20 48
0x00007ffc49236497:   8b 1d 6b 36 01 00 48 85 db 74 57 b8 ff ff ff ff
0x00007ffc492364a7:   f0 0f c1 43 10 83 f8 01 75 3d 48 85 db 74 38 48
0x00007ffc492364b7:   8b 0b 48 85 c9 74 0d ff 15 e4 0d 00 00 48 c7 03
0x00007ffc492364c7:   00 00 00 00 48 8b 4b 08 48 85 c9 74 0d e8 b3 cd
0x00007ffc492364d7:   ff ff 48 c7 43 08 00 00 00 00 ba 18 00 00 00 48
0x00007ffc492364e7:   8b cb e8 9e cd ff ff 48 c7 05 0f 36 01 00 00 00
0x00007ffc492364f7:   00 00 48 83 c4 20 5b c3 cc 40 53 48 83 ec 20 48 


Stack slot to memory mapping:
stack at sp + 0 slots: 0x0 is NULL
stack at sp + 1 slots: 0x00000275131273e0 points into unknown readable memory: 0xe2491dfab3a0b324 | 24 b3 a0 b3 fa 1d 49 e2
stack at sp + 2 slots: 0x00007ffc3191ea90 jvm.dll
stack at sp + 3 slots: 0x00007ffc49233d40 glass.dll
stack at sp + 4 slots: 0x00000275131273e8 points into unknown readable memory: 0x0000043873a0b0db | db b0 a0 73 38 04 00 00
stack at sp + 5 slots: 0x00007ffc774b42d6 ucrtbase.dll
stack at sp + 6 slots: 0x0000043873a0b0db is an unknown value
stack at sp + 7 slots: 0x0000027500000000 points into unknown readable memory: 0x0000000000000009 | 09 00 00 00 00 00 00 00

VM_Operation (0x000000df0b4fee90): Exit, mode: safepoint, requested by thread 0x00000275135ae650


---------------  P R O C E S S  ---------------

Threads class SMR info:
_java_thread_list=0x0000027513def470, length=19, elements={
0x00000275723a0480, 0x000002757e989600, 0x000002757e98a400, 0x000002757e98fa60,
0x000002757e991b50, 0x000002757e993c40, 0x000002757e998550, 0x000002757e99b680,
0x000002757ebb0cf0, 0x000002757f514690, 0x000002757f7104f0, 0x000002757f4a1b60,
0x000002757f060750, 0x0000027513290b90, 0x00000275135a5830, 0x00000275134844c0,
0x00000275135af640, 0x00000275135ad110, 0x00000275135ae650
}

Java Threads: ( => current thread )
  0x00000275723a0480 JavaThread "main" [_thread_blocked, id=2860, stack(0x000000df09200000,0x000000df09300000)]
  0x000002757e989600 JavaThread "Reference Handler" daemon [_thread_blocked, id=8912, stack(0x000000df09900000,0x000000df09a00000)]
  0x000002757e98a400 JavaThread "Finalizer" daemon [_thread_blocked, id=9432, stack(0x000000df09a00000,0x000000df09b00000)]
  0x000002757e98fa60 JavaThread "Attach Listener" daemon [_thread_blocked, id=9476, stack(0x000000df09c00000,0x000000df09d00000)]
  0x000002757e991b50 JavaThread "Service Thread" daemon [_thread_blocked, id=2616, stack(0x000000df09d00000,0x000000df09e00000)]
  0x000002757e993c40 JavaThread "Monitor Deflation Thread" daemon [_thread_blocked, id=4472, stack(0x000000df09e00000,0x000000df09f00000)]
  0x000002757e998550 JavaThread "C2 CompilerThread0" daemon [_thread_blocked, id=8036, stack(0x000000df09f00000,0x000000df0a000000)]
  0x000002757e99b680 JavaThread "C1 CompilerThread0" daemon [_thread_blocked, id=2956, stack(0x000000df0a000000,0x000000df0a100000)]
  0x000002757ebb0cf0 JavaThread "Common-Cleaner" daemon [_thread_blocked, id=9364, stack(0x000000df0a100000,0x000000df0a200000)]
  0x000002757f514690 JavaThread "Monitor Ctrl-Break" daemon [_thread_in_native, id=8476, stack(0x000000df0a300000,0x000000df0a400000)]
  0x000002757f7104f0 JavaThread "Notification Thread" daemon [_thread_blocked, id=9368, stack(0x000000df0a400000,0x000000df0a500000)]
  0x000002757f4a1b60 JavaThread "QuantumRenderer-0" daemon [_thread_blocked, id=1140, stack(0x000000df0a900000,0x000000df0aa00000)]
  0x000002757f060750 JavaThread "InvokeLaterDispatcher" daemon [_thread_blocked, id=1260, stack(0x000000df0ac00000,0x000000df0ad00000)]
  0x0000027513290b90 JavaThread "JavaFX Application Thread" [_thread_in_native, id=9152, stack(0x000000df0ad00000,0x000000df0ae00000)]
  0x00000275135a5830 JavaThread "Thread-1" daemon [_thread_in_native, id=9736, stack(0x000000df0a200000,0x000000df0a300000)]
  0x00000275134844c0 JavaThread "JavaFX-Launcher" [_thread_blocked, id=9120, stack(0x000000df0b300000,0x000000df0b400000)]
  0x00000275135af640 JavaThread "Prism Font Disposer" daemon [_thread_blocked, id=2896, stack(0x000000df0b600000,0x000000df0b700000)]
  0x00000275135ad110 JavaThread "Cleaner-0" daemon [_thread_blocked, id=10796, stack(0x000000df0b700000,0x000000df0b800000)]
  0x00000275135ae650 JavaThread "SIGINT handler" daemon [_thread_blocked, id=7964, stack(0x000000df0b400000,0x000000df0b500000)]

Other Threads:
=>0x000002757e9640c0 VMThread "VM Thread" [stack: 0x000000df09800000,0x000000df09900000] [id=7672]
  0x00000275723efa70 WorkerThread "GC Thread#0" [stack: 0x000000df09300000,0x000000df09400000] [id=11080]
  0x000002757f640700 WorkerThread "GC Thread#1" [stack: 0x000000df0a600000,0x000000df0a700000] [id=8120]
  0x000002757f3822a0 WorkerThread "GC Thread#2" [stack: 0x000000df0a700000,0x000000df0a800000] [id=2824]
  0x000002751301e870 WorkerThread "GC Thread#3" [stack: 0x000000df0a800000,0x000000df0a900000] [id=724]
  0x00000275723f9610 ConcurrentGCThread "G1 Main Marker" terminated
  0x00000275702dd080 WorkerThread "G1 Conc#0" [stack: 0x000000df09500000,0x000000df09600000] [id=6568]
  0x0000027572462d10 ConcurrentGCThread "G1 Refine#0" terminated
  0x0000027572463860 ConcurrentGCThread "G1 Service" terminated

Threads with active compile tasks:

VM state: at safepoint (shutting down)

VM Mutex/Monitor currently owned by a thread:  ([mutex/lock_event])
[0x000002757239b270] Threads_lock - owner thread: 0x000002757e9640c0
[0x000002757239c230] Heap_lock - owner thread: 0x00000275135ae650

Heap address: 0x00000000a1a00000, size: 1510 MB, Compressed Oops mode: 32-bit

CDS archive(s) mapped at: [0x0000000800000000-0x0000000800c60000-0x0000000800c60000), size 12976128, SharedBaseAddress: 0x0000000800000000, ArchiveRelocationMode: 0.
Compressed class space mapped at: 0x0000000801000000-0x0000000841000000, reserved size: 1073741824
Narrow klass base: 0x0000000800000000, Narrow klass shift: 0, Narrow klass range: 0x100000000

GC Precious Log:
 CardTable entry size: 512
 Card Set container configuration: InlinePtr #cards 5 size 8 Array Of Cards #cards 12 size 40 Howl #buckets 4 coarsen threshold 1843 Howl Bitmap #cards 512 size 80 coarsen threshold 460 Card regions per heap region 1 cards per card region 2048
 CPUs: 4 total, 4 available
 Memory: 6038M
 Large Page Support: Disabled
 NUMA Support: Disabled
 Compressed Oops: Enabled (32-bit)
 Heap Region Size: 1M
 Heap Min Capacity: 8M
 Heap Initial Capacity: 96M
 Heap Max Capacity: 1510M
 Pre-touch: Disabled
 Parallel Workers: 4
 Concurrent Workers: 1
 Concurrent Refinement Workers: 4
 Periodic GC: Disabled

Heap:
 garbage-first heap   total 98304K, used 38912K [0x00000000a1a00000, 0x0000000100000000)
  region size 1024K, 36 young (36864K), 3 survivors (3072K)
 Metaspace       used 16220K, committed 16512K, reserved 1114112K
  class space    used 2323K, committed 2432K, reserved 1048576K

Heap Regions: E=young(eden), S=young(survivor), O=old, HS=humongous(starts), HC=humongous(continues), CS=collection set, F=free, OA=open archive, CA=closed archive, TAMS=top-at-mark-start, PB=parsable bottom
|   0|0x00000000a1a00000, 0x00000000a1b00000, 0x00000000a1b00000|100%| O|  |TAMS 0x00000000a1a00000| PB 0x00000000a1a00000| Untracked 
|   1|0x00000000a1b00000, 0x00000000a1c00000, 0x00000000a1c00000|100%| O|  |TAMS 0x00000000a1b00000| PB 0x00000000a1b00000| Untracked 
|   2|0x00000000a1c00000, 0x00000000a1d00000, 0x00000000a1d00000|100%|HS|  |TAMS 0x00000000a1c00000| PB 0x00000000a1c00000| Complete 
|   3|0x00000000a1d00000, 0x00000000a1e00000, 0x00000000a1e00000|100%|HC|  |TAMS 0x00000000a1d00000| PB 0x00000000a1d00000| Complete 
|   4|0x00000000a1e00000, 0x00000000a1e00000, 0x00000000a1f00000|  0%| F|  |TAMS 0x00000000a1e00000| PB 0x00000000a1e00000| Untracked 
|   5|0x00000000a1f00000, 0x00000000a1f00000, 0x00000000a2000000|  0%| F|  |TAMS 0x00000000a1f00000| PB 0x00000000a1f00000| Untracked 
|   6|0x00000000a2000000, 0x00000000a2000000, 0x00000000a2100000|  0%| F|  |TAMS 0x00000000a2000000| PB 0x00000000a2000000| Untracked 
|   7|0x00000000a2100000, 0x00000000a2100000, 0x00000000a2200000|  0%| F|  |TAMS 0x00000000a2100000| PB 0x00000000a2100000| Untracked 
|   8|0x00000000a2200000, 0x00000000a2200000, 0x00000000a2300000|  0%| F|  |TAMS 0x00000000a2200000| PB 0x00000000a2200000| Untracked 
|   9|0x00000000a2300000, 0x00000000a2300000, 0x00000000a2400000|  0%| F|  |TAMS 0x00000000a2300000| PB 0x00000000a2300000| Untracked 
|  10|0x00000000a2400000, 0x00000000a2400000, 0x00000000a2500000|  0%| F|  |TAMS 0x00000000a2400000| PB 0x00000000a2400000| Untracked 
|  11|0x00000000a2500000, 0x00000000a2500000, 0x00000000a2600000|  0%| F|  |TAMS 0x00000000a2500000| PB 0x00000000a2500000| Untracked 
|  12|0x00000000a2600000, 0x00000000a2600000, 0x00000000a2700000|  0%| F|  |TAMS 0x00000000a2600000| PB 0x00000000a2600000| Untracked 
|  13|0x00000000a2700000, 0x00000000a2700000, 0x00000000a2800000|  0%| F|  |TAMS 0x00000000a2700000| PB 0x00000000a2700000| Untracked 
|  14|0x00000000a2800000, 0x00000000a2800000, 0x00000000a2900000|  0%| F|  |TAMS 0x00000000a2800000| PB 0x00000000a2800000| Untracked 
|  15|0x00000000a2900000, 0x00000000a2900000, 0x00000000a2a00000|  0%| F|  |TAMS 0x00000000a2900000| PB 0x00000000a2900000| Untracked 
|  16|0x00000000a2a00000, 0x00000000a2a00000, 0x00000000a2b00000|  0%| F|  |TAMS 0x00000000a2a00000| PB 0x00000000a2a00000| Untracked 
|  17|0x00000000a2b00000, 0x00000000a2b00000, 0x00000000a2c00000|  0%| F|  |TAMS 0x00000000a2b00000| PB 0x00000000a2b00000| Untracked 
|  18|0x00000000a2c00000, 0x00000000a2c00000, 0x00000000a2d00000|  0%| F|  |TAMS 0x00000000a2c00000| PB 0x00000000a2c00000| Untracked 
|  19|0x00000000a2d00000, 0x00000000a2d00000, 0x00000000a2e00000|  0%| F|  |TAMS 0x00000000a2d00000| PB 0x00000000a2d00000| Untracked 
|  20|0x00000000a2e00000, 0x00000000a2e00000, 0x00000000a2f00000|  0%| F|  |TAMS 0x00000000a2e00000| PB 0x00000000a2e00000| Untracked 
|  21|0x00000000a2f00000, 0x00000000a2f00000, 0x00000000a3000000|  0%| F|  |TAMS 0x00000000a2f00000| PB 0x00000000a2f00000| Untracked 
|  22|0x00000000a3000000, 0x00000000a3000000, 0x00000000a3100000|  0%| F|  |TAMS 0x00000000a3000000| PB 0x00000000a3000000| Untracked 
|  23|0x00000000a3100000, 0x00000000a3100000, 0x00000000a3200000|  0%| F|  |TAMS 0x00000000a3100000| PB 0x00000000a3100000| Untracked 
|  24|0x00000000a3200000, 0x00000000a3200000, 0x00000000a3300000|  0%| F|  |TAMS 0x00000000a3200000| PB 0x00000000a3200000| Untracked 
|  25|0x00000000a3300000, 0x00000000a3300000, 0x00000000a3400000|  0%| F|  |TAMS 0x00000000a3300000| PB 0x00000000a3300000| Untracked 
|  26|0x00000000a3400000, 0x00000000a3400000, 0x00000000a3500000|  0%| F|  |TAMS 0x00000000a3400000| PB 0x00000000a3400000| Untracked 
|  27|0x00000000a3500000, 0x00000000a3500000, 0x00000000a3600000|  0%| F|  |TAMS 0x00000000a3500000| PB 0x00000000a3500000| Untracked 
|  28|0x00000000a3600000, 0x00000000a3600000, 0x00000000a3700000|  0%| F|  |TAMS 0x00000000a3600000| PB 0x00000000a3600000| Untracked 
|  29|0x00000000a3700000, 0x00000000a3700000, 0x00000000a3800000|  0%| F|  |TAMS 0x00000000a3700000| PB 0x00000000a3700000| Untracked 
|  30|0x00000000a3800000, 0x00000000a3800000, 0x00000000a3900000|  0%| F|  |TAMS 0x00000000a3800000| PB 0x00000000a3800000| Untracked 
|  31|0x00000000a3900000, 0x00000000a3900000, 0x00000000a3a00000|  0%| F|  |TAMS 0x00000000a3900000| PB 0x00000000a3900000| Untracked 
|  32|0x00000000a3a00000, 0x00000000a3a00000, 0x00000000a3b00000|  0%| F|  |TAMS 0x00000000a3a00000| PB 0x00000000a3a00000| Untracked 
|  33|0x00000000a3b00000, 0x00000000a3b00000, 0x00000000a3c00000|  0%| F|  |TAMS 0x00000000a3b00000| PB 0x00000000a3b00000| Untracked 
|  34|0x00000000a3c00000, 0x00000000a3c00000, 0x00000000a3d00000|  0%| F|  |TAMS 0x00000000a3c00000| PB 0x00000000a3c00000| Untracked 
|  35|0x00000000a3d00000, 0x00000000a3d00000, 0x00000000a3e00000|  0%| F|  |TAMS 0x00000000a3d00000| PB 0x00000000a3d00000| Untracked 
|  36|0x00000000a3e00000, 0x00000000a3e00000, 0x00000000a3f00000|  0%| F|  |TAMS 0x00000000a3e00000| PB 0x00000000a3e00000| Untracked 
|  37|0x00000000a3f00000, 0x00000000a3f00000, 0x00000000a4000000|  0%| F|  |TAMS 0x00000000a3f00000| PB 0x00000000a3f00000| Untracked 
|  38|0x00000000a4000000, 0x00000000a4000000, 0x00000000a4100000|  0%| F|  |TAMS 0x00000000a4000000| PB 0x00000000a4000000| Untracked 
|  39|0x00000000a4100000, 0x00000000a4100000, 0x00000000a4200000|  0%| F|  |TAMS 0x00000000a4100000| PB 0x00000000a4100000| Untracked 
|  40|0x00000000a4200000, 0x00000000a4200000, 0x00000000a4300000|  0%| F|  |TAMS 0x00000000a4200000| PB 0x00000000a4200000| Untracked 
|  41|0x00000000a4300000, 0x00000000a4300000, 0x00000000a4400000|  0%| F|  |TAMS 0x00000000a4300000| PB 0x00000000a4300000| Untracked 
|  42|0x00000000a4400000, 0x00000000a4400000, 0x00000000a4500000|  0%| F|  |TAMS 0x00000000a4400000| PB 0x00000000a4400000| Untracked 
|  43|0x00000000a4500000, 0x00000000a4500000, 0x00000000a4600000|  0%| F|  |TAMS 0x00000000a4500000| PB 0x00000000a4500000| Untracked 
|  44|0x00000000a4600000, 0x00000000a4600000, 0x00000000a4700000|  0%| F|  |TAMS 0x00000000a4600000| PB 0x00000000a4600000| Untracked 
|  45|0x00000000a4700000, 0x00000000a4700000, 0x00000000a4800000|  0%| F|  |TAMS 0x00000000a4700000| PB 0x00000000a4700000| Untracked 
|  46|0x00000000a4800000, 0x00000000a4800000, 0x00000000a4900000|  0%| F|  |TAMS 0x00000000a4800000| PB 0x00000000a4800000| Untracked 
|  47|0x00000000a4900000, 0x00000000a4900000, 0x00000000a4a00000|  0%| F|  |TAMS 0x00000000a4900000| PB 0x00000000a4900000| Untracked 
|  48|0x00000000a4a00000, 0x00000000a4a00000, 0x00000000a4b00000|  0%| F|  |TAMS 0x00000000a4a00000| PB 0x00000000a4a00000| Untracked 
|  49|0x00000000a4b00000, 0x00000000a4b00000, 0x00000000a4c00000|  0%| F|  |TAMS 0x00000000a4b00000| PB 0x00000000a4b00000| Untracked 
|  50|0x00000000a4c00000, 0x00000000a4c00000, 0x00000000a4d00000|  0%| F|  |TAMS 0x00000000a4c00000| PB 0x00000000a4c00000| Untracked 
|  51|0x00000000a4d00000, 0x00000000a4d00000, 0x00000000a4e00000|  0%| F|  |TAMS 0x00000000a4d00000| PB 0x00000000a4d00000| Untracked 
|  52|0x00000000a4e00000, 0x00000000a4e00000, 0x00000000a4f00000|  0%| F|  |TAMS 0x00000000a4e00000| PB 0x00000000a4e00000| Untracked 
|  53|0x00000000a4f00000, 0x00000000a4f00000, 0x00000000a5000000|  0%| F|  |TAMS 0x00000000a4f00000| PB 0x00000000a4f00000| Untracked 
|  54|0x00000000a5000000, 0x00000000a5000000, 0x00000000a5100000|  0%| F|  |TAMS 0x00000000a5000000| PB 0x00000000a5000000| Untracked 
|  55|0x00000000a5100000, 0x00000000a5100000, 0x00000000a5200000|  0%| F|  |TAMS 0x00000000a5100000| PB 0x00000000a5100000| Untracked 
|  56|0x00000000a5200000, 0x00000000a5200000, 0x00000000a5300000|  0%| F|  |TAMS 0x00000000a5200000| PB 0x00000000a5200000| Untracked 
|  57|0x00000000a5300000, 0x00000000a5300000, 0x00000000a5400000|  0%| F|  |TAMS 0x00000000a5300000| PB 0x00000000a5300000| Untracked 
|  58|0x00000000a5400000, 0x00000000a5400000, 0x00000000a5500000|  0%| F|  |TAMS 0x00000000a5400000| PB 0x00000000a5400000| Untracked 
|  59|0x00000000a5500000, 0x00000000a5500000, 0x00000000a5600000|  0%| F|  |TAMS 0x00000000a5500000| PB 0x00000000a5500000| Untracked 
|  60|0x00000000a5600000, 0x00000000a5700000, 0x00000000a5700000|100%| E|  |TAMS 0x00000000a5600000| PB 0x00000000a5600000| Complete 
|  61|0x00000000a5700000, 0x00000000a5800000, 0x00000000a5800000|100%| E|CS|TAMS 0x00000000a5700000| PB 0x00000000a5700000| Complete 
|  62|0x00000000a5800000, 0x00000000a5900000, 0x00000000a5900000|100%| E|CS|TAMS 0x00000000a5800000| PB 0x00000000a5800000| Complete 
|  63|0x00000000a5900000, 0x00000000a5a00000, 0x00000000a5a00000|100%| E|CS|TAMS 0x00000000a5900000| PB 0x00000000a5900000| Complete 
|  64|0x00000000a5a00000, 0x00000000a5b00000, 0x00000000a5b00000|100%| E|CS|TAMS 0x00000000a5a00000| PB 0x00000000a5a00000| Complete 
|  65|0x00000000a5b00000, 0x00000000a5c00000, 0x00000000a5c00000|100%| E|CS|TAMS 0x00000000a5b00000| PB 0x00000000a5b00000| Complete 
|  66|0x00000000a5c00000, 0x00000000a5d00000, 0x00000000a5d00000|100%| E|CS|TAMS 0x00000000a5c00000| PB 0x00000000a5c00000| Complete 
|  67|0x00000000a5d00000, 0x00000000a5e00000, 0x00000000a5e00000|100%| E|CS|TAMS 0x00000000a5d00000| PB 0x00000000a5d00000| Complete 
|  68|0x00000000a5e00000, 0x00000000a5f00000, 0x00000000a5f00000|100%| E|CS|TAMS 0x00000000a5e00000| PB 0x00000000a5e00000| Complete 
|  69|0x00000000a5f00000, 0x00000000a5fffbb0, 0x00000000a6000000| 99%| E|  |TAMS 0x00000000a5f00000| PB 0x00000000a5f00000| Complete 
|  70|0x00000000a6000000, 0x00000000a6100000, 0x00000000a6100000|100%| E|CS|TAMS 0x00000000a6000000| PB 0x00000000a6000000| Complete 
|  71|0x00000000a6100000, 0x00000000a6200000, 0x00000000a6200000|100%| E|CS|TAMS 0x00000000a6100000| PB 0x00000000a6100000| Complete 
|  72|0x00000000a6200000, 0x00000000a6300000, 0x00000000a6300000|100%| E|CS|TAMS 0x00000000a6200000| PB 0x00000000a6200000| Complete 
|  73|0x00000000a6300000, 0x00000000a6400000, 0x00000000a6400000|100%| E|CS|TAMS 0x00000000a6300000| PB 0x00000000a6300000| Complete 
|  74|0x00000000a6400000, 0x00000000a6500000, 0x00000000a6500000|100%| S|CS|TAMS 0x00000000a6400000| PB 0x00000000a6400000| Complete 
|  75|0x00000000a6500000, 0x00000000a6600000, 0x00000000a6600000|100%| S|CS|TAMS 0x00000000a6500000| PB 0x00000000a6500000| Complete 
|  76|0x00000000a6600000, 0x00000000a6700000, 0x00000000a6700000|100%| S|CS|TAMS 0x00000000a6600000| PB 0x00000000a6600000| Complete 
|  77|0x00000000a6700000, 0x00000000a6800000, 0x00000000a6800000|100%| E|CS|TAMS 0x00000000a6700000| PB 0x00000000a6700000| Complete 
|  78|0x00000000a6800000, 0x00000000a6900000, 0x00000000a6900000|100%| E|CS|TAMS 0x00000000a6800000| PB 0x00000000a6800000| Complete 
|  79|0x00000000a6900000, 0x00000000a6a00000, 0x00000000a6a00000|100%| E|CS|TAMS 0x00000000a6900000| PB 0x00000000a6900000| Complete 
|  80|0x00000000a6a00000, 0x00000000a6b00000, 0x00000000a6b00000|100%| E|CS|TAMS 0x00000000a6a00000| PB 0x00000000a6a00000| Complete 
|  81|0x00000000a6b00000, 0x00000000a6c00000, 0x00000000a6c00000|100%| E|CS|TAMS 0x00000000a6b00000| PB 0x00000000a6b00000| Complete 
|  82|0x00000000a6c00000, 0x00000000a6d00000, 0x00000000a6d00000|100%| E|CS|TAMS 0x00000000a6c00000| PB 0x00000000a6c00000| Complete 
|  83|0x00000000a6d00000, 0x00000000a6e00000, 0x00000000a6e00000|100%| E|CS|TAMS 0x00000000a6d00000| PB 0x00000000a6d00000| Complete 
|  84|0x00000000a6e00000, 0x00000000a6f00000, 0x00000000a6f00000|100%| E|CS|TAMS 0x00000000a6e00000| PB 0x00000000a6e00000| Complete 
|  85|0x00000000a6f00000, 0x00000000a7000000, 0x00000000a7000000|100%| E|CS|TAMS 0x00000000a6f00000| PB 0x00000000a6f00000| Complete 
|  86|0x00000000a7000000, 0x00000000a7100000, 0x00000000a7100000|100%| E|CS|TAMS 0x00000000a7000000| PB 0x00000000a7000000| Complete 
|  87|0x00000000a7100000, 0x00000000a7200000, 0x00000000a7200000|100%| E|CS|TAMS 0x00000000a7100000| PB 0x00000000a7100000| Complete 
|  88|0x00000000a7200000, 0x00000000a7300000, 0x00000000a7300000|100%| E|CS|TAMS 0x00000000a7200000| PB 0x00000000a7200000| Complete 
|  89|0x00000000a7300000, 0x00000000a7400000, 0x00000000a7400000|100%| E|CS|TAMS 0x00000000a7300000| PB 0x00000000a7300000| Complete 
|  90|0x00000000a7400000, 0x00000000a7500000, 0x00000000a7500000|100%| E|CS|TAMS 0x00000000a7400000| PB 0x00000000a7400000| Complete 
|  91|0x00000000a7500000, 0x00000000a7600000, 0x00000000a7600000|100%| E|CS|TAMS 0x00000000a7500000| PB 0x00000000a7500000| Complete 
|  92|0x00000000a7600000, 0x00000000a7700000, 0x00000000a7700000|100%| E|CS|TAMS 0x00000000a7600000| PB 0x00000000a7600000| Complete 
|  93|0x00000000a7700000, 0x00000000a7800000, 0x00000000a7800000|100%| E|CS|TAMS 0x00000000a7700000| PB 0x00000000a7700000| Complete 
|  94|0x00000000a7800000, 0x00000000a7900000, 0x00000000a7900000|100%| E|CS|TAMS 0x00000000a7800000| PB 0x00000000a7800000| Complete 
|  95|0x00000000a7900000, 0x00000000a7a00000, 0x00000000a7a00000|100%| E|CS|TAMS 0x00000000a7900000| PB 0x00000000a7900000| Complete 

Card table byte_map: [0x000002757a760000,0x000002757aa60000] _byte_map_base: 0x000002757a253000

Marking Bits: (CMBitMap*) 0x00000275723effb0
 Bits: [0x000002757ad60000, 0x000002757c4f8000)

Polling page: 0x0000027570150000

Metaspace:

Usage:
  Non-class:     13.57 MB used.
      Class:      2.27 MB used.
       Both:     15.84 MB used.

Virtual space:
  Non-class space:       64.00 MB reserved,      13.75 MB ( 21%) committed,  1 nodes.
      Class space:        1.00 GB reserved,       2.38 MB ( <1%) committed,  1 nodes.
             Both:        1.06 GB reserved,      16.12 MB (  1%) committed. 

Chunk freelists:
   Non-Class:  1.89 MB
       Class:  1.57 MB
        Both:  3.46 MB

MaxMetaspaceSize: unlimited
CompressedClassSpaceSize: 1.00 GB
Initial GC threshold: 21.00 MB
Current GC threshold: 21.00 MB
CDS: on
MetaspaceReclaimPolicy: balanced
 - commit_granule_bytes: 65536.
 - commit_granule_words: 8192.
 - virtual_space_node_default_size: 8388608.
 - enlarge_chunks_in_place: 1.
 - new_chunks_are_fully_committed: 0.
 - uncommit_free_chunks: 1.
 - use_allocation_guard: 0.


Internal statistics:

num_allocs_failed_limit: 0.
num_arena_births: 348.
num_arena_deaths: 0.
num_vsnodes_births: 2.
num_vsnodes_deaths: 0.
num_space_committed: 258.
num_space_uncommitted: 0.
num_chunks_returned_to_freelist: 0.
num_chunks_taken_from_freelist: 846.
num_chunk_merges: 0.
num_chunk_splits: 584.
num_chunks_enlarged: 443.
num_inconsistent_stats: 0.

CodeHeap 'non-profiled nmethods': size=120000Kb used=1103Kb max_used=1103Kb free=118896Kb
 bounds [0x0000027507ad0000, 0x0000027507d40000, 0x000002750f000000]
CodeHeap 'profiled nmethods': size=120000Kb used=5290Kb max_used=5290Kb free=114709Kb
 bounds [0x0000027500000000, 0x0000027500530000, 0x0000027507530000]
CodeHeap 'non-nmethods': size=5760Kb used=1848Kb max_used=1871Kb free=3911Kb
 bounds [0x0000027507530000, 0x00000275077a0000, 0x0000027507ad0000]
 total_blobs=3706 nmethods=2898 adapters=717
 compilation: enabled
              stopped_count=0, restarted_count=0
 full_count=0

Compilation events (20 events):
Event: 17.383 Thread 0x000002757e99b680 2890       3       com.sun.glass.ui.Window::getY (8 bytes)
Event: 17.383 Thread 0x000002757e99b680 nmethod 2890 0x0000027500525310 code [0x00000275005254e0, 0x0000027500525838]
Event: 17.426 Thread 0x000002757e99b680 2891       3       com.sun.glass.ui.Window::notifyMove (21 bytes)
Event: 17.427 Thread 0x000002757e99b680 nmethod 2891 0x0000027500525990 code [0x0000027500525b20, 0x0000027500525d18]
Event: 17.427 Thread 0x000002757e99b680 2892       3       com.sun.javafx.stage.WindowPeerListener::changedLocation (12 bytes)
Event: 17.427 Thread 0x000002757e99b680 nmethod 2892 0x0000027500525e10 code [0x0000027500525fa0, 0x00000275005260e0]
Event: 17.427 Thread 0x000002757e99b680 2893       3       com.sun.javafx.stage.WindowHelper::notifyLocationChanged (12 bytes)
Event: 17.427 Thread 0x000002757e99b680 nmethod 2893 0x0000027500526190 code [0x0000027500526320, 0x00000275005264a8]
Event: 17.474 Thread 0x000002757e99b680 2894       3       com.sun.glass.ui.win.WinWindow::notifyMoving (427 bytes)
Event: 17.476 Thread 0x000002757e99b680 nmethod 2894 0x0000027500526590 code [0x00000275005268e0, 0x0000027500528338]
Event: 17.476 Thread 0x000002757e99b680 2895       3       com.sun.glass.ui.Screen::containsPlatformRect (59 bytes)
Event: 17.477 Thread 0x000002757e99b680 nmethod 2895 0x0000027500529090 code [0x0000027500529240, 0x0000027500529560]
Event: 17.477 Thread 0x000002757e99b680 2896       3       com.sun.glass.ui.Screen::containsPlatformCoords (44 bytes)
Event: 17.477 Thread 0x000002757e99b680 nmethod 2896 0x0000027500529610 code [0x00000275005297a0, 0x00000275005299c8]
Event: 17.984 Thread 0x000002757e99b680 2897       3       com.sun.glass.ui.View::getMultiClickMaxY (10 bytes)
Event: 17.985 Thread 0x000002757e99b680 nmethod 2897 0x0000027500529a90 code [0x0000027500529c60, 0x000002750052a0b8]
Event: 17.985 Thread 0x000002757e99b680 2898       3       com.sun.glass.ui.win.WinApplication::staticView_getMultiClickMaxY (4 bytes)
Event: 17.985 Thread 0x000002757e99b680 nmethod 2898 0x000002750052a290 code [0x000002750052a420, 0x000002750052a588]
Event: 17.985 Thread 0x000002757e99b680 2899       3       com.sun.glass.ui.win.WinView::getMultiClickMaxY_impl (4 bytes)
Event: 17.985 Thread 0x000002757e99b680 nmethod 2899 0x000002750052a690 code [0x000002750052a820, 0x000002750052a910]

GC Heap History (4 events):
Event: 1.070 GC heap before
{Heap before GC invocations=0 (full 0):
 garbage-first heap   total 98304K, used 13312K [0x00000000a1a00000, 0x0000000100000000)
  region size 1024K, 13 young (13312K), 0 survivors (0K)
 Metaspace       used 2670K, committed 2880K, reserved 1114112K
  class space    used 283K, committed 384K, reserved 1048576K
}
Event: 1.077 GC heap after
{Heap after GC invocations=1 (full 0):
 garbage-first heap   total 98304K, used 2064K [0x00000000a1a00000, 0x0000000100000000)
  region size 1024K, 2 young (2048K), 2 survivors (2048K)
 Metaspace       used 2670K, committed 2880K, reserved 1114112K
  class space    used 283K, committed 384K, reserved 1048576K
}
Event: 1.876 GC heap before
{Heap before GC invocations=1 (full 0):
 garbage-first heap   total 98304K, used 18448K [0x00000000a1a00000, 0x0000000100000000)
  region size 1024K, 19 young (19456K), 2 survivors (2048K)
 Metaspace       used 8925K, committed 9152K, reserved 1114112K
  class space    used 1129K, committed 1216K, reserved 1048576K
}
Event: 1.885 GC heap after
{Heap after GC invocations=2 (full 0):
 garbage-first heap   total 98304K, used 5120K [0x00000000a1a00000, 0x0000000100000000)
  region size 1024K, 3 young (3072K), 3 survivors (3072K)
 Metaspace       used 8925K, committed 9152K, reserved 1114112K
  class space    used 1129K, committed 1216K, reserved 1048576K
}

Dll operation events (20 events):
Event: 0.943 Loaded shared library C:\Users\Sotho\.openjfx\cache\20+19\amd64\api-ms-win-crt-locale-l1-1-0.dll
Event: 0.948 Loaded shared library C:\Users\Sotho\.openjfx\cache\20+19\amd64\api-ms-win-crt-math-l1-1-0.dll
Event: 0.953 Loaded shared library C:\Users\Sotho\.openjfx\cache\20+19\amd64\api-ms-win-crt-multibyte-l1-1-0.dll
Event: 0.959 Loaded shared library C:\Users\Sotho\.openjfx\cache\20+19\amd64\api-ms-win-crt-private-l1-1-0.dll
Event: 0.964 Loaded shared library C:\Users\Sotho\.openjfx\cache\20+19\amd64\api-ms-win-crt-process-l1-1-0.dll
Event: 0.969 Loaded shared library C:\Users\Sotho\.openjfx\cache\20+19\amd64\api-ms-win-crt-runtime-l1-1-0.dll
Event: 0.974 Loaded shared library C:\Users\Sotho\.openjfx\cache\20+19\amd64\api-ms-win-crt-stdio-l1-1-0.dll
Event: 0.978 Loaded shared library C:\Users\Sotho\.openjfx\cache\20+19\amd64\api-ms-win-crt-string-l1-1-0.dll
Event: 0.983 Loaded shared library C:\Users\Sotho\.openjfx\cache\20+19\amd64\api-ms-win-crt-time-l1-1-0.dll
Event: 0.987 Loaded shared library C:\Users\Sotho\.openjfx\cache\20+19\amd64\api-ms-win-crt-utility-l1-1-0.dll
Event: 1.011 Loaded shared library C:\Users\Sotho\.openjfx\cache\20+19\amd64\ucrtbase.dll
Event: 1.017 Loaded shared library C:\Users\Sotho\.openjfx\cache\20+19\amd64\vcruntime140.dll
Event: 1.023 Loaded shared library C:\Users\Sotho\.openjfx\cache\20+19\amd64\vcruntime140_1.dll
Event: 1.036 Loaded shared library C:\Users\Sotho\.openjfx\cache\20+19\amd64\msvcp140.dll
Event: 1.040 Loaded shared library C:\Users\Sotho\.openjfx\cache\20+19\amd64\msvcp140_1.dll
Event: 1.047 Loaded shared library C:\Users\Sotho\.openjfx\cache\20+19\amd64\msvcp140_2.dll
Event: 1.084 Loaded shared library C:\Users\Sotho\.jdks\openjdk-20.0.1\bin\jimage.dll
Event: 1.185 Loaded shared library C:\Users\Sotho\.openjfx\cache\20+19\amd64\prism_d3d.dll
Event: 1.274 Loaded shared library C:\Users\Sotho\.openjfx\cache\20+19\amd64\glass.dll
Event: 1.856 Loaded shared library C:\Users\Sotho\.openjfx\cache\20+19\amd64\javafx_font.dll

Deoptimization events (20 events):
Event: 9.420 Thread 0x0000027513290b90 Uncommon trap: trap_request=0xffffffde fr.pc=0x0000027507add7b0 relative=0x00000000000000b0
Event: 9.420 Thread 0x0000027513290b90 Uncommon trap: reason=class_check action=maybe_recompile pc=0x0000027507add7b0 method=java.lang.Character.codePointAt(Ljava/lang/CharSequence;I)I @ 2 c2
Event: 9.420 Thread 0x0000027513290b90 DEOPT PACKING pc=0x0000027507add7b0 sp=0x000000df0adf90b0
Event: 9.420 Thread 0x0000027513290b90 DEOPT UNPACKING pc=0x0000027507599d22 sp=0x000000df0adf9048 mode 2
Event: 10.876 Thread 0x0000027513290b90 Uncommon trap: trap_request=0xffffff45 fr.pc=0x0000027507b1d33c relative=0x000000000000039c
Event: 10.876 Thread 0x0000027513290b90 Uncommon trap: reason=unstable_if action=reinterpret pc=0x0000027507b1d33c method=java.lang.StringLatin1.canEncode(I)Z @ 4 c2
Event: 10.876 Thread 0x0000027513290b90 DEOPT PACKING pc=0x0000027507b1d33c sp=0x000000df0adf8750
Event: 10.877 Thread 0x0000027513290b90 DEOPT UNPACKING pc=0x0000027507599d22 sp=0x000000df0adf8678 mode 2
Event: 10.940 Thread 0x0000027513290b90 Uncommon trap: trap_request=0xffffff45 fr.pc=0x0000027507b1e948 relative=0x00000000000003a8
Event: 10.940 Thread 0x0000027513290b90 Uncommon trap: reason=unstable_if action=reinterpret pc=0x0000027507b1e948 method=java.lang.StringLatin1.canEncode(I)Z @ 4 c2
Event: 10.940 Thread 0x0000027513290b90 DEOPT PACKING pc=0x0000027507b1e948 sp=0x000000df0adf86f0
Event: 10.940 Thread 0x0000027513290b90 DEOPT UNPACKING pc=0x0000027507599d22 sp=0x000000df0adf8670 mode 2
Event: 12.038 Thread 0x0000027513290b90 Uncommon trap: trap_request=0xffffff45 fr.pc=0x0000027507bbbbf8 relative=0x00000000000001b8
Event: 12.038 Thread 0x0000027513290b90 Uncommon trap: reason=unstable_if action=reinterpret pc=0x0000027507bbbbf8 method=com.sun.javafx.event.EventHandlerManager.dispatchBubblingEvent(Ljavafx/event/EventType;Ljavafx/event/Event;)Ljavafx/event/Event; @ 22 c2
Event: 12.038 Thread 0x0000027513290b90 DEOPT PACKING pc=0x0000027507bbbbf8 sp=0x000000df0adf9440
Event: 12.038 Thread 0x0000027513290b90 DEOPT UNPACKING pc=0x0000027507599d22 sp=0x000000df0adf93e0 mode 2
Event: 13.090 Thread 0x0000027513290b90 Uncommon trap: trap_request=0xffffff45 fr.pc=0x0000027507bc094c relative=0x00000000000007cc
Event: 13.090 Thread 0x0000027513290b90 Uncommon trap: reason=unstable_if action=reinterpret pc=0x0000027507bc094c method=javafx.scene.Parent.getOrderedChildren()Ljava/util/List; @ 7 c2
Event: 13.090 Thread 0x0000027513290b90 DEOPT PACKING pc=0x0000027507bc094c sp=0x000000df0adf7440
Event: 13.090 Thread 0x0000027513290b90 DEOPT UNPACKING pc=0x0000027507599d22 sp=0x000000df0adf7190 mode 2

Classes loaded (20 events):
Event: 4.382 Loading class java/io/UnsupportedEncodingException
Event: 4.382 Loading class java/io/UnsupportedEncodingException done
Event: 7.649 Loading class java/text/BreakIterator
Event: 7.649 Loading class java/text/BreakIterator done
Event: 7.649 Loading class sun/util/locale/provider/BreakIteratorProviderImpl
Event: 7.649 Loading class sun/util/locale/provider/BreakIteratorProviderImpl done
Event: 7.650 Loading class sun/util/locale/provider/BreakIteratorProviderImpl$GraphemeBreakIterator
Event: 7.650 Loading class sun/util/locale/provider/BreakIteratorProviderImpl$GraphemeBreakIterator done
Event: 7.650 Loading class java/text/StringCharacterIterator
Event: 7.651 Loading class java/text/StringCharacterIterator done
Event: 7.651 Loading class sun/util/locale/provider/BreakIteratorProviderImpl$CharacterIteratorCharSequence
Event: 7.651 Loading class sun/util/locale/provider/BreakIteratorProviderImpl$CharacterIteratorCharSequence done
Event: 7.651 Loading class java/text/BreakIterator$BreakIteratorCache
Event: 7.651 Loading class java/text/BreakIterator$BreakIteratorCache done
Event: 9.386 Loading class jdk/internal/util/regex/Grapheme
Event: 9.420 Loading class jdk/internal/util/regex/Grapheme done
Event: 11.579 Loading class jdk/internal/util/regex/EmojiData
Event: 11.609 Loading class jdk/internal/util/regex/EmojiData done
Event: 18.912 Loading class jdk/internal/misc/Signal$1
Event: 18.925 Loading class jdk/internal/misc/Signal$1 done

Classes unloaded (0 events):
No events

Classes redefined (0 events):
No events

Internal exceptions (20 events):
Event: 2.306 Thread 0x0000027513290b90 Exception <a 'java/lang/NoSuchMethodError'{0x00000000a7231890}: 'void java.lang.invoke.DelegatingMethodHandle$Holder.reinvoke_L(java.lang.Object, java.lang.Object, int)'> (0x00000000a7231890) 
thrown [s\open\src\hotspot\share\interpreter\linkResolver.cpp, line 773]
Event: 2.308 Thread 0x0000027513290b90 Exception <a 'java/lang/NoSuchMethodError'{0x00000000a7238570}: 'int java.lang.invoke.DirectMethodHandle$Holder.invokeSpecial(java.lang.Object, java.lang.Object, java.lang.Object)'> (0x00000000a7238570) 
thrown [s\open\src\hotspot\share\interpreter\linkResolver.cpp, line 773]
Event: 2.452 Thread 0x0000027513290b90 Implicit null exception at 0x0000027507b468ba to 0x0000027507b46d1c
Event: 2.568 Thread 0x0000027513290b90 Implicit null exception at 0x0000027507b41878 to 0x0000027507b41e88
Event: 2.663 Thread 0x0000027513290b90 Exception <a 'java/lang/ClassNotFoundException'{0x00000000a6b3b8f8}: com/sun/javafx/scene/control/skin/resources/controls> (0x00000000a6b3b8f8) 
thrown [s\open\src\hotspot\share\prims\jni.cpp, line 538]
Event: 2.665 Thread 0x0000027513290b90 Exception <a 'java/lang/ClassNotFoundException'{0x00000000a6b496d0}: com/sun/javafx/scene/control/skin/resources/controls_ru> (0x00000000a6b496d0) 
thrown [s\open\src\hotspot\share\prims\jni.cpp, line 538]
Event: 2.665 Thread 0x0000027513290b90 Exception <a 'java/lang/ClassNotFoundException'{0x00000000a6b4a678}: com/sun/javafx/scene/control/skin/resources/controls_ru_RU> (0x00000000a6b4a678) 
thrown [s\open\src\hotspot\share\prims\jni.cpp, line 538]
Event: 2.743 Thread 0x0000027513290b90 Exception <a 'java/lang/NoSuchMethodError'{0x00000000a69010f0}: 'void java.lang.invoke.DirectMethodHandle$Holder.invokeSpecial(java.lang.Object, java.lang.Object, java.lang.Object, java.lang.Object, java.lang.Object, java.lang.Object)'> (0x00000000a69010f0) 
thrown [s\open\src\hotspot\share\interpreter\linkResolver.cpp, line 773]
Event: 2.747 Thread 0x0000027513290b90 Exception <a 'java/lang/IncompatibleClassChangeError'{0x00000000a6921138}: Found class java.lang.Object, but interface was expected> (0x00000000a6921138) 
thrown [s\open\src\hotspot\share\interpreter\linkResolver.cpp, line 840]
Event: 2.924 Thread 0x0000027513290b90 Exception <a 'java/lang/NoSuchMethodError'{0x00000000a62b8cc0}: 'int java.lang.invoke.DirectMethodHandle$Holder.invokeSpecial(java.lang.Object, java.lang.Object, int)'> (0x00000000a62b8cc0) 
thrown [s\open\src\hotspot\share\interpreter\linkResolver.cpp, line 773]
Event: 2.943 Thread 0x0000027513290b90 Exception <a 'java/lang/NoSuchMethodError'{0x00000000a62f3690}: 'java.lang.Object java.lang.invoke.DirectMethodHandle$Holder.newInvokeSpecial(java.lang.Object, java.lang.Object, int)'> (0x00000000a62f3690) 
thrown [s\open\src\hotspot\share\interpreter\linkResolver.cpp, line 773]
Event: 3.001 Thread 0x000002757f4a1b60 Exception <a 'java/lang/NoSuchMethodError'{0x00000000a617e448}: 'int java.lang.invoke.DirectMethodHandle$Holder.invokeStaticInit(java.lang.Object, java.lang.Object)'> (0x00000000a617e448) 
thrown [s\open\src\hotspot\share\interpreter\linkResolver.cpp, line 773]
Event: 3.011 Thread 0x0000027513290b90 Exception <a 'java/lang/NoSuchMethodError'{0x00000000a61acc70}: 'long java.lang.invoke.DirectMethodHandle$Holder.invokeStatic(java.lang.Object, java.lang.Object, java.lang.Object)'> (0x00000000a61acc70) 
thrown [s\open\src\hotspot\share\interpreter\linkResolver.cpp, line 773]
Event: 3.012 Thread 0x0000027513290b90 Exception <a 'java/lang/NoSuchMethodError'{0x00000000a61b0040}: 'long java.lang.invoke.DirectMethodHandle$Holder.invokeStaticInit(java.lang.Object, java.lang.Object, java.lang.Object)'> (0x00000000a61b0040) 
thrown [s\open\src\hotspot\share\interpreter\linkResolver.cpp, line 773]
Event: 3.017 Thread 0x0000027513290b90 Exception <a 'java/lang/NoSuchMethodError'{0x00000000a61c8098}: 'java.lang.Object java.lang.invoke.DirectMethodHandle$Holder.newInvokeSpecial(java.lang.Object, java.lang.Object, long)'> (0x00000000a61c8098) 
thrown [s\open\src\hotspot\share\interpreter\linkResolver.cpp, line 773]
Event: 3.018 Thread 0x0000027513290b90 Exception <a 'java/lang/NoSuchMethodError'{0x00000000a61fc5f0}: 'java.lang.Object java.lang.invoke.Invokers$Holder.linkToTargetMethod(java.lang.Object, long, java.lang.Object)'> (0x00000000a61fc5f0) 
thrown [s\open\src\hotspot\share\interpreter\linkResolver.cpp, line 773]
Event: 7.305 Thread 0x0000027513290b90 Implicit null exception at 0x0000027507babc8c to 0x0000027507babd24
Event: 9.862 Thread 0x0000027513290b90 Exception <a 'java/lang/NoSuchMethodError'{0x00000000a5acba78}: 'java.lang.Object java.lang.invoke.DirectMethodHandle$Holder.newInvokeSpecial(java.lang.Object, java.lang.Object, int, int, int, int, int, java.lang.Object)'> (0x00000000a5acba78) 
thrown [s\open\src\hotspot\share\interpreter\linkResolver.cpp, line 773]
Event: 9.864 Thread 0x0000027513290b90 Exception <a 'java/lang/NoSuchMethodError'{0x00000000a5ade7c8}: 'java.lang.Object java.lang.invoke.DirectMethodHandle$Holder.newInvokeSpecial(java.lang.Object, java.lang.Object, java.lang.Object, int, int, int, int, int)'> (0x00000000a5ade7c8) 
thrown [s\open\src\hotspot\share\interpreter\linkResolver.cpp, line 773]
Event: 9.865 Thread 0x0000027513290b90 Exception <a 'java/lang/NoSuchMethodError'{0x00000000a5ae6818}: 'java.lang.Object java.lang.invoke.Invokers$Holder.linkToTargetMethod(java.lang.Object, java.lang.Object, int, int, int, int, int, java.lang.Object)'> (0x00000000a5ae6818) 
thrown [s\open\src\hotspot\share\interpreter\linkResolver.cpp, line 773]

VM Operations (20 events):
Event: 4.543 Executing VM operation: ICBufferFull done
Event: 6.544 Executing VM operation: Cleanup
Event: 6.544 Executing VM operation: Cleanup done
Event: 7.544 Executing VM operation: Cleanup
Event: 7.544 Executing VM operation: Cleanup done
Event: 8.545 Executing VM operation: Cleanup
Event: 8.545 Executing VM operation: Cleanup done
Event: 9.546 Executing VM operation: Cleanup
Event: 9.546 Executing VM operation: Cleanup done
Event: 10.546 Executing VM operation: Cleanup
Event: 10.546 Executing VM operation: Cleanup done
Event: 12.546 Executing VM operation: Cleanup
Event: 12.547 Executing VM operation: Cleanup done
Event: 14.547 Executing VM operation: Cleanup
Event: 14.547 Executing VM operation: Cleanup done
Event: 16.548 Executing VM operation: Cleanup
Event: 16.548 Executing VM operation: Cleanup done
Event: 17.549 Executing VM operation: Cleanup
Event: 17.549 Executing VM operation: Cleanup done
Event: 18.928 Executing VM operation: Exit

Events (20 events):
Event: 0.577 Thread 0x000002757f514690 Thread added: 0x000002757f514690
Event: 0.577 Thread 0x000002757f7104f0 Thread added: 0x000002757f7104f0
Event: 1.163 Thread 0x000002757f4a1b60 Thread added: 0x000002757f4a1b60
Event: 1.278 Thread 0x000002757f060750 Thread added: 0x000002757f060750
Event: 1.285 Thread 0x0000027513290b90 Thread added: 0x0000027513290b90
Event: 1.437 Thread 0x000002757ec4ab30 Thread exited: 0x000002757ec4ab30
Event: 1.498 Thread 0x00000275135a5830 Thread added: 0x00000275135a5830
Event: 1.517 Thread 0x00000275134844c0 Thread added: 0x00000275134844c0
Event: 1.909 Thread 0x00000275135b6470 Thread added: 0x00000275135b6470
Event: 2.766 Thread 0x00000275135af640 Thread added: 0x00000275135af640
Event: 2.828 Thread 0x00000275135b6470 Thread exited: 0x00000275135b6470
Event: 2.923 Thread 0x00000275135f8ea0 Thread added: 0x00000275135f8ea0
Event: 3.054 Thread 0x00000275135ad110 Thread added: 0x00000275135ad110
Event: 3.516 Thread 0x00000275135f8ea0 Thread exited: 0x00000275135f8ea0
Event: 18.925 Thread 0x00000275135ae650 Thread added: 0x00000275135ae650
Event: 18.926 Thread 0x000002757f55cd90 Thread added: 0x000002757f55cd90
Event: 18.926 Thread 0x000002757f55c840 Thread added: 0x000002757f55c840
Event: 18.926 Thread 0x000002757f55cd90 Thread exited: 0x000002757f55cd90
Event: 18.928 Thread 0x000002757f55c840 Thread exited: 0x000002757f55c840
Event: 18.928 Thread 0x000002757e98d110 Thread exited: 0x000002757e98d110


Dynamic libraries:
0x00007ff638d20000 - 0x00007ff638d2e000 	C:\Users\Sotho\.jdks\openjdk-20.0.1\bin\java.exe
0x00007ffc79d50000 - 0x00007ffc79f48000 	C:\Windows\SYSTEM32\ntdll.dll
0x00007ffc77e70000 - 0x00007ffc77f2f000 	C:\Windows\System32\KERNEL32.DLL
0x00007ffc77760000 - 0x00007ffc77a32000 	C:\Windows\System32\KERNELBASE.dll
0x00007ffc774a0000 - 0x00007ffc775a0000 	C:\Windows\System32\ucrtbase.dll
0x00007ffc68d20000 - 0x00007ffc68d37000 	C:\Users\Sotho\.jdks\openjdk-20.0.1\bin\jli.dll
0x00007ffc68cb0000 - 0x00007ffc68ccb000 	C:\Users\Sotho\.jdks\openjdk-20.0.1\bin\VCRUNTIME140.dll
0x00007ffc77f30000 - 0x00007ffc780cd000 	C:\Windows\System32\USER32.dll
0x00007ffc77ba0000 - 0x00007ffc77bc2000 	C:\Windows\System32\win32u.dll
0x00007ffc77e40000 - 0x00007ffc77e6b000 	C:\Windows\System32\GDI32.dll
0x00007ffc775a0000 - 0x00007ffc776af000 	C:\Windows\System32\gdi32full.dll
0x00007ffc77d00000 - 0x00007ffc77d9d000 	C:\Windows\System32\msvcp_win.dll
0x00007ffc60370000 - 0x00007ffc6060a000 	C:\Windows\WinSxS\amd64_microsoft.windows.common-controls_6595b64144ccf1df_6.0.19041.1110_none_60b5254171f9507e\COMCTL32.dll
0x00007ffc79010000 - 0x00007ffc790ae000 	C:\Windows\System32\msvcrt.dll
0x00007ffc78ee0000 - 0x00007ffc78f12000 	C:\Windows\System32\IMM32.DLL
0x00007ffc73270000 - 0x00007ffc7327c000 	C:\Users\Sotho\.jdks\openjdk-20.0.1\bin\vcruntime140_1.dll
0x00007ffc5a930000 - 0x00007ffc5a9be000 	C:\Users\Sotho\.jdks\openjdk-20.0.1\bin\msvcp140.dll
0x00007ffc30d30000 - 0x00007ffc319c7000 	C:\Users\Sotho\.jdks\openjdk-20.0.1\bin\server\jvm.dll
0x00007ffc782c0000 - 0x00007ffc7836e000 	C:\Windows\System32\ADVAPI32.dll
0x00007ffc77da0000 - 0x00007ffc77e3c000 	C:\Windows\System32\sechost.dll
0x00007ffc78190000 - 0x00007ffc782b5000 	C:\Windows\System32\RPCRT4.dll
0x00007ffc731b0000 - 0x00007ffc731b9000 	C:\Windows\SYSTEM32\WSOCK32.dll
0x00007ffc78d80000 - 0x00007ffc78deb000 	C:\Windows\System32\WS2_32.dll
0x00007ffc66930000 - 0x00007ffc66957000 	C:\Windows\SYSTEM32\WINMM.dll
0x00007ffc6d1b0000 - 0x00007ffc6d1ba000 	C:\Windows\SYSTEM32\VERSION.dll
0x00007ffc752d0000 - 0x00007ffc752e2000 	C:\Windows\SYSTEM32\kernel.appcore.dll
0x00007ffc73220000 - 0x00007ffc7322a000 	C:\Users\Sotho\.jdks\openjdk-20.0.1\bin\jimage.dll
0x00007ffc5b8b0000 - 0x00007ffc5ba94000 	C:\Windows\SYSTEM32\DBGHELP.DLL
0x00007ffc5b880000 - 0x00007ffc5b8ac000 	C:\Windows\SYSTEM32\dbgcore.DLL
0x00007ffc77c00000 - 0x00007ffc77c82000 	C:\Windows\System32\bcryptPrimitives.dll
0x00007ffc76ed0000 - 0x00007ffc76ede000 	C:\Users\Sotho\.jdks\openjdk-20.0.1\bin\instrument.dll
0x00007ffc68d80000 - 0x00007ffc68da6000 	C:\Users\Sotho\.jdks\openjdk-20.0.1\bin\java.dll
0x00007ffc54d10000 - 0x00007ffc54de7000 	C:\Users\Sotho\.jdks\openjdk-20.0.1\bin\jsvml.dll
0x00007ffc78370000 - 0x00007ffc78ab3000 	C:\Windows\System32\SHELL32.dll
0x00007ffc754d0000 - 0x00007ffc75c62000 	C:\Windows\SYSTEM32\windows.storage.dll
0x00007ffc79780000 - 0x00007ffc79ad4000 	C:\Windows\System32\combase.dll
0x00007ffc76dd0000 - 0x00007ffc76e00000 	C:\Windows\SYSTEM32\Wldp.dll
0x00007ffc78ac0000 - 0x00007ffc78b6d000 	C:\Windows\System32\SHCORE.dll
0x00007ffc78130000 - 0x00007ffc78185000 	C:\Windows\System32\shlwapi.dll
0x00007ffc77390000 - 0x00007ffc773af000 	C:\Windows\SYSTEM32\profapi.dll
0x00007ffc68d60000 - 0x00007ffc68d73000 	C:\Users\Sotho\.jdks\openjdk-20.0.1\bin\net.dll
0x00007ffc6f610000 - 0x00007ffc6f71c000 	C:\Windows\SYSTEM32\WINHTTP.dll
0x00007ffc76bb0000 - 0x00007ffc76c1a000 	C:\Windows\system32\mswsock.dll
0x00007ffc68d40000 - 0x00007ffc68d56000 	C:\Users\Sotho\.jdks\openjdk-20.0.1\bin\nio.dll
0x00007ffc5c240000 - 0x00007ffc5c258000 	C:\Users\Sotho\.jdks\openjdk-20.0.1\bin\zip.dll
0x00007ffc673f0000 - 0x00007ffc6740a000 	F:\IntelligIDEA\bin\breakgen64.dll
0x00000275702e0000 - 0x00000275702e3000 	C:\Users\Sotho\.openjfx\cache\20+19\amd64\api-ms-win-core-console-l1-1-0.dll
0x00000275702f0000 - 0x00000275702f3000 	C:\Users\Sotho\.openjfx\cache\20+19\amd64\api-ms-win-core-console-l1-2-0.dll
0x0000027570300000 - 0x0000027570303000 	C:\Users\Sotho\.openjfx\cache\20+19\amd64\api-ms-win-core-datetime-l1-1-0.dll
0x0000027570310000 - 0x0000027570313000 	C:\Users\Sotho\.openjfx\cache\20+19\amd64\api-ms-win-core-debug-l1-1-0.dll
0x0000027570320000 - 0x0000027570323000 	C:\Users\Sotho\.openjfx\cache\20+19\amd64\api-ms-win-core-errorhandling-l1-1-0.dll
0x0000027570330000 - 0x0000027570334000 	C:\Users\Sotho\.openjfx\cache\20+19\amd64\api-ms-win-core-file-l1-1-0.dll
0x0000027570340000 - 0x0000027570343000 	C:\Users\Sotho\.openjfx\cache\20+19\amd64\api-ms-win-core-file-l1-2-0.dll
0x0000027570350000 - 0x0000027570353000 	C:\Users\Sotho\.openjfx\cache\20+19\amd64\api-ms-win-core-file-l2-1-0.dll
0x0000027570360000 - 0x0000027570363000 	C:\Users\Sotho\.openjfx\cache\20+19\amd64\api-ms-win-core-handle-l1-1-0.dll
0x0000027570370000 - 0x0000027570373000 	C:\Users\Sotho\.openjfx\cache\20+19\amd64\api-ms-win-core-heap-l1-1-0.dll
0x0000027570380000 - 0x0000027570383000 	C:\Users\Sotho\.openjfx\cache\20+19\amd64\api-ms-win-core-interlocked-l1-1-0.dll
0x0000027570390000 - 0x0000027570393000 	C:\Users\Sotho\.openjfx\cache\20+19\amd64\api-ms-win-core-libraryloader-l1-1-0.dll
0x00000275703a0000 - 0x00000275703a3000 	C:\Users\Sotho\.openjfx\cache\20+19\amd64\api-ms-win-core-localization-l1-2-0.dll
0x00000275703b0000 - 0x00000275703b3000 	C:\Users\Sotho\.openjfx\cache\20+19\amd64\api-ms-win-core-memory-l1-1-0.dll
0x00000275722a0000 - 0x00000275722a3000 	C:\Users\Sotho\.openjfx\cache\20+19\amd64\api-ms-win-core-namedpipe-l1-1-0.dll
0x00000275722b0000 - 0x00000275722b3000 	C:\Users\Sotho\.openjfx\cache\20+19\amd64\api-ms-win-core-processenvironment-l1-1-0.dll
0x00000275722c0000 - 0x00000275722c3000 	C:\Users\Sotho\.openjfx\cache\20+19\amd64\api-ms-win-core-processthreads-l1-1-0.dll
0x00000275722d0000 - 0x00000275722d3000 	C:\Users\Sotho\.openjfx\cache\20+19\amd64\api-ms-win-core-processthreads-l1-1-1.dll
0x00000275722e0000 - 0x00000275722e3000 	C:\Users\Sotho\.openjfx\cache\20+19\amd64\api-ms-win-core-profile-l1-1-0.dll
0x00000275722f0000 - 0x00000275722f3000 	C:\Users\Sotho\.openjfx\cache\20+19\amd64\api-ms-win-core-rtlsupport-l1-1-0.dll
0x0000027572300000 - 0x0000027572303000 	C:\Users\Sotho\.openjfx\cache\20+19\amd64\api-ms-win-core-string-l1-1-0.dll
0x0000027572310000 - 0x0000027572313000 	C:\Users\Sotho\.openjfx\cache\20+19\amd64\api-ms-win-core-synch-l1-1-0.dll
0x0000027572320000 - 0x0000027572323000 	C:\Users\Sotho\.openjfx\cache\20+19\amd64\api-ms-win-core-synch-l1-2-0.dll
0x0000027572330000 - 0x0000027572333000 	C:\Users\Sotho\.openjfx\cache\20+19\amd64\api-ms-win-core-sysinfo-l1-1-0.dll
0x0000027572340000 - 0x0000027572343000 	C:\Users\Sotho\.openjfx\cache\20+19\amd64\api-ms-win-core-timezone-l1-1-0.dll
0x0000027572350000 - 0x0000027572353000 	C:\Users\Sotho\.openjfx\cache\20+19\amd64\api-ms-win-core-util-l1-1-0.dll
0x0000027572360000 - 0x0000027572363000 	C:\Users\Sotho\.openjfx\cache\20+19\amd64\api-ms-win-crt-conio-l1-1-0.dll
0x000002757f9a0000 - 0x000002757f9a4000 	C:\Users\Sotho\.openjfx\cache\20+19\amd64\api-ms-win-crt-convert-l1-1-0.dll
0x000002757f980000 - 0x000002757f983000 	C:\Users\Sotho\.openjfx\cache\20+19\amd64\api-ms-win-crt-environment-l1-1-0.dll
0x000002757f990000 - 0x000002757f993000 	C:\Users\Sotho\.openjfx\cache\20+19\amd64\api-ms-win-crt-filesystem-l1-1-0.dll
0x000002757f9b0000 - 0x000002757f9b3000 	C:\Users\Sotho\.openjfx\cache\20+19\amd64\api-ms-win-crt-heap-l1-1-0.dll
0x000002757f9c0000 - 0x000002757f9c3000 	C:\Users\Sotho\.openjfx\cache\20+19\amd64\api-ms-win-crt-locale-l1-1-0.dll
0x000002757f9d0000 - 0x000002757f9d5000 	C:\Users\Sotho\.openjfx\cache\20+19\amd64\api-ms-win-crt-math-l1-1-0.dll
0x000002757f9e0000 - 0x000002757f9e5000 	C:\Users\Sotho\.openjfx\cache\20+19\amd64\api-ms-win-crt-multibyte-l1-1-0.dll
0x000002757f9f0000 - 0x000002757fa00000 	C:\Users\Sotho\.openjfx\cache\20+19\amd64\api-ms-win-crt-private-l1-1-0.dll
0x000002757fa00000 - 0x000002757fa03000 	C:\Users\Sotho\.openjfx\cache\20+19\amd64\api-ms-win-crt-process-l1-1-0.dll
0x000002757fa10000 - 0x000002757fa14000 	C:\Users\Sotho\.openjfx\cache\20+19\amd64\api-ms-win-crt-runtime-l1-1-0.dll
0x000002757f740000 - 0x000002757f744000 	C:\Users\Sotho\.openjfx\cache\20+19\amd64\api-ms-win-crt-stdio-l1-1-0.dll
0x000002757f750000 - 0x000002757f754000 	C:\Users\Sotho\.openjfx\cache\20+19\amd64\api-ms-win-crt-string-l1-1-0.dll
0x000002757f760000 - 0x000002757f763000 	C:\Users\Sotho\.openjfx\cache\20+19\amd64\api-ms-win-crt-time-l1-1-0.dll
0x000002757f770000 - 0x000002757f773000 	C:\Users\Sotho\.openjfx\cache\20+19\amd64\api-ms-win-crt-utility-l1-1-0.dll
0x00007ffc49320000 - 0x00007ffc4941c000 	C:\Users\Sotho\.openjfx\cache\20+19\amd64\ucrtbase.dll
0x00007ffc673d0000 - 0x00007ffc673eb000 	C:\Users\Sotho\.openjfx\cache\20+19\amd64\vcruntime140.dll
0x00007ffc74070000 - 0x00007ffc7407c000 	C:\Users\Sotho\.openjfx\cache\20+19\amd64\vcruntime140_1.dll
0x00007ffc49290000 - 0x00007ffc4931e000 	C:\Users\Sotho\.openjfx\cache\20+19\amd64\msvcp140.dll
0x00007ffc673c0000 - 0x00007ffc673c9000 	C:\Users\Sotho\.openjfx\cache\20+19\amd64\msvcp140_1.dll
0x00007ffc67390000 - 0x00007ffc673c0000 	C:\Users\Sotho\.openjfx\cache\20+19\amd64\msvcp140_2.dll
0x00007ffc49260000 - 0x00007ffc4928f000 	C:\Users\Sotho\.openjfx\cache\20+19\amd64\prism_d3d.dll
0x00007ffc4b7a0000 - 0x00007ffc4b96f000 	C:\Windows\system32\d3d9.dll
0x00007ffc74fe0000 - 0x00007ffc7500f000 	C:\Windows\SYSTEM32\dwmapi.dll
0x00007ffc74c80000 - 0x00007ffc74d1e000 	C:\Windows\system32\uxtheme.dll
0x00007ffc64e10000 - 0x00007ffc64f77000 	C:\Windows\SYSTEM32\aticfx64.dll
0x00007ffc5c5a0000 - 0x00007ffc5c5c1000 	C:\Windows\SYSTEM32\atiu9p64.dll
0x00007ffc46e60000 - 0x00007ffc47a80000 	C:\Windows\SYSTEM32\igdumd64.dll
0x00007ffc46600000 - 0x00007ffc46e59000 	C:\Windows\SYSTEM32\atiumd64.dll
0x00000000613a0000 - 0x0000000061c28000 	C:\Windows\SYSTEM32\atiumd6a.dll
0x00007ffc769e0000 - 0x00007ffc76a2b000 	C:\Windows\SYSTEM32\POWRPROF.dll
0x00007ffc76850000 - 0x00007ffc76862000 	C:\Windows\SYSTEM32\UMPDC.dll
0x00007ffc49210000 - 0x00007ffc49252000 	C:\Users\Sotho\.openjfx\cache\20+19\amd64\glass.dll
0x00007ffc78e00000 - 0x00007ffc78eda000 	C:\Windows\System32\COMDLG32.dll
0x00007ffc790b0000 - 0x00007ffc791da000 	C:\Windows\System32\ole32.dll
0x00007ffc78b70000 - 0x00007ffc78c3d000 	C:\Windows\System32\OLEAUT32.dll
0x00007ffc79660000 - 0x00007ffc79775000 	C:\Windows\System32\MSCTF.dll
0x00007ffc491f0000 - 0x00007ffc49204000 	C:\Users\Sotho\.openjfx\cache\20+19\amd64\javafx_font.dll
0x00007ffc72520000 - 0x00007ffc7279f000 	C:\Windows\SYSTEM32\dwrite.dll
0x00007ffc78c40000 - 0x00007ffc78cef000 	C:\Windows\System32\clbcatq.dll
0x00007ffc74a80000 - 0x00007ffc74c34000 	C:\Windows\SYSTEM32\WindowsCodecs.dll
0x00007ffc77bd0000 - 0x00007ffc77bf7000 	C:\Windows\System32\bcrypt.dll
0x00007ffc626f0000 - 0x00007ffc6272e000 	C:\Windows\system32\dataexchange.dll
0x00007ffc6ab50000 - 0x00007ffc6adb3000 	C:\Windows\system32\d3d11.dll
0x00007ffc6b3c0000 - 0x00007ffc6b5a3000 	C:\Windows\system32\dcomp.dll
0x00007ffc75cd0000 - 0x00007ffc75dc3000 	C:\Windows\system32\dxgi.dll
0x00007ffc72b80000 - 0x00007ffc72d80000 	C:\Windows\system32\twinapi.appcore.dll
0x00007ffc58230000 - 0x00007ffc58264000 	C:\Program Files\Common Files\Microsoft Shared\Ink\rtscom.dll
0x00007ffc73b60000 - 0x00007ffc73c59000 	C:\Windows\SYSTEM32\textinputframework.dll
0x00007ffc70730000 - 0x00007ffc70822000 	C:\Windows\System32\CoreMessaging.dll
0x00007ffc6b990000 - 0x00007ffc6bcee000 	C:\Windows\System32\CoreUIComponents.dll
0x00007ffc765a0000 - 0x00007ffc765d3000 	C:\Windows\SYSTEM32\ntmarta.dll
0x00007ffc74370000 - 0x00007ffc744c4000 	C:\Windows\SYSTEM32\wintypes.dll

dbghelp: loaded successfully - version: 4.0.5 - missing functions: none
symbol engine: initialized successfully - sym options: 0x614 - pdb path: .;C:\Users\Sotho\.jdks\openjdk-20.0.1\bin;C:\Windows\SYSTEM32;C:\Windows\WinSxS\amd64_microsoft.windows.common-controls_6595b64144ccf1df_6.0.19041.1110_none_60b5254171f9507e;C:\Users\Sotho\.jdks\openjdk-20.0.1\bin\server;F:\IntelligIDEA\bin;C:\Users\Sotho\.openjfx\cache\20+19\amd64;C:\Program Files\Common Files\Microsoft Shared\Ink

VM Arguments:
jvm_args: -javaagent:F:\IntelligIDEA\lib\idea_rt.jar=8073:F:\IntelligIDEA\bin -Dfile.encoding=UTF-8 -Dsun.stdout.encoding=UTF-8 -Dsun.stderr.encoding=UTF-8 --module-path=F:\git\main\ProgrammN1\target\classes;C:\Users\Sotho\.m2\repository\org\openjfx\javafx-base\20\javafx-base-20-win.jar;C:\Users\Sotho\.m2\repository\org\openjfx\javafx-graphics\20\javafx-graphics-20-win.jar;C:\Users\Sotho\.m2\repository\org\openjfx\javafx-fxml\20\javafx-fxml-20-win.jar;C:\Users\Sotho\.m2\repository\org\openjfx\javafx-controls\20\javafx-controls-20-win.jar -Djdk.module.main=com.example.programmn1 
java_command: com.example.programmn1/com.example.programmn1.HelloApplication
java_class_path (initial): C:\Users\Sotho\.m2\repository\org\openjfx\javafx-controls\20\javafx-controls-20.jar;C:\Users\Sotho\.m2\repository\org\openjfx\javafx-graphics\20\javafx-graphics-20.jar;C:\Users\Sotho\.m2\repository\org\openjfx\javafx-base\20\javafx-base-20.jar;C:\Users\Sotho\.m2\repository\org\openjfx\javafx-fxml\20\javafx-fxml-20.jar;F:\mysql-connector-j-8.0.33\mysql-connector-j-8.0.33.jar
Launcher Type: SUN_STANDARD

[Global flags]
     intx CICompilerCount                          = 3                                         {product} {ergonomic}
     uint ConcGCThreads                            = 1                                         {product} {ergonomic}
     uint G1ConcRefinementThreads                  = 4                                         {product} {ergonomic}
   size_t G1HeapRegionSize                         = 1048576                                   {product} {ergonomic}
    uintx GCDrainStackTargetSize                   = 64                                        {product} {ergonomic}
   size_t InitialHeapSize                          = 100663296                                 {product} {ergonomic}
   size_t MarkStackSize                            = 4194304                                   {product} {ergonomic}
   size_t MaxHeapSize                              = 1583349760                                {product} {ergonomic}
   size_t MaxNewSize                               = 950009856                                 {product} {ergonomic}
   size_t MinHeapDeltaBytes                        = 1048576                                   {product} {ergonomic}
   size_t MinHeapSize                              = 8388608                                   {product} {ergonomic}
    uintx NonNMethodCodeHeapSize                   = 5832780                                {pd product} {ergonomic}
    uintx NonProfiledCodeHeapSize                  = 122912730                              {pd product} {ergonomic}
    uintx ProfiledCodeHeapSize                     = 122912730                              {pd product} {ergonomic}
    uintx ReservedCodeCacheSize                    = 251658240                              {pd product} {ergonomic}
     bool SegmentedCodeCache                       = true                                      {product} {ergonomic}
   size_t SoftMaxHeapSize                          = 1583349760                             {manageable} {ergonomic}
     bool UseCompressedClassPointers               = true                           {product lp64_product} {ergonomic}
     bool UseCompressedOops                        = true                           {product lp64_product} {ergonomic}
     bool UseG1GC                                  = true                                      {product} {ergonomic}
     bool UseLargePagesIndividualAllocation        = false                                  {pd product} {ergonomic}

Logging:
Log output configuration:
 #0: stdout all=off uptime,level,tags foldmultilines=false
 #1: stderr all=off uptime,level,tags foldmultilines=false

Environment Variables:
PATH=C:\Program Files\Common Files\Oracle\Java\javapath;C:\Program Files (x86)\Intel\iCLS Client\;C:\Program Files\Intel\iCLS Client\;C:\Windows\system32;C:\Windows;C:\Windows\System32\Wbem;C:\Windows\System32\WindowsPowerShell\v1.0\;C:\Windows\System32\OpenSSH\;C:\Program Files (x86)\ATI Technologies\ATI.ACE\Core-Static;C:\Program Files\Intel\Intel(R) Management Engine Components\DAL;C:\Program Files\Intel\Intel(R) Management Engine Components\IPT;C:\Program Files (x86)\Intel\Intel(R) Management Engine Components\DAL;C:\Program Files (x86)\Intel\Intel(R) Management Engine Components\IPT;C:\Program Files\Git\cmd;C:\Users\Sotho\AppData\Local\Microsoft\WindowsApps;C:\Windows\system32;F:\VScode\Microsoft VS Code\bin
USERNAME=Sotho
OS=Windows_NT
PROCESSOR_IDENTIFIER=Intel64 Family 6 Model 42 Stepping 7, GenuineIntel
TMP=C:\Users\Sotho\AppData\Local\Temp
TEMP=C:\Users\Sotho\AppData\Local\Temp




---------------  S Y S T E M  ---------------

OS:
 Windows 10 , 64 bit Build 19041 (10.0.19041.2251)
OS uptime: 6 days 0:26 hours
Hyper-V role detected

CPU: total 4 (initial active 4) (2 cores per cpu, 2 threads per core) family 6 model 42 stepping 7 microcode 0x2f, cx8, cmov, fxsr, ht, mmx, sse, sse2, sse3, ssse3, sse4.1, sse4.2, popcnt, tsc, tscinvbit, avx, aes, clmul, vzeroupper, clflush, hv, rdtscp

Memory: 4k page, system-wide physical 6038M (573M free)
TotalPageFile size 11078M (AvailPageFile size 1884M)
current process WorkingSet (physical memory assigned to process): 134M, peak: 141M
current process commit charge ("private bytes"): 240M, peak: 255M

vm_info: OpenJDK 64-Bit Server VM (20.0.1+9-29) for windows-amd64 JRE (20.0.1+9-29), built on 2023-03-07T13:56:11Z by "mach5one" with MS VC++ 17.1 (VS2022)

END.
